{"/Users/ek-macuser009/projects/json-excel/lib/index.js": {"path":"/Users/ek-macuser009/projects/json-excel/lib/index.js","all":false,"statementMap":{"0":{"start":{"line":1,"column":0},"end":{"line":1,"column":13}},"1":{"start":{"line":2,"column":0},"end":{"line":2,"column":97}},"2":{"start":{"line":3,"column":0},"end":{"line":3,"column":33}},"3":{"start":{"line":4,"column":0},"end":{"line":4,"column":89}},"4":{"start":{"line":5,"column":0},"end":{"line":5,"column":29}},"5":{"start":{"line":6,"column":0},"end":{"line":6,"column":33}},"6":{"start":{"line":7,"column":0},"end":{"line":7,"column":17}},"7":{"start":{"line":8,"column":0},"end":{"line":8,"column":4}},"8":{"start":{"line":9,"column":0},"end":{"line":9,"column":96}},"9":{"start":{"line":10,"column":0},"end":{"line":10,"column":72}},"10":{"start":{"line":11,"column":0},"end":{"line":11,"column":21}},"11":{"start":{"line":12,"column":0},"end":{"line":12,"column":21}},"12":{"start":{"line":13,"column":0},"end":{"line":13,"column":3}},"13":{"start":{"line":14,"column":0},"end":{"line":14,"column":66}},"14":{"start":{"line":15,"column":0},"end":{"line":15,"column":42}},"15":{"start":{"line":16,"column":0},"end":{"line":16,"column":20}},"16":{"start":{"line":17,"column":0},"end":{"line":17,"column":141}},"17":{"start":{"line":18,"column":0},"end":{"line":18,"column":36}},"18":{"start":{"line":19,"column":0},"end":{"line":19,"column":18}},"19":{"start":{"line":20,"column":0},"end":{"line":20,"column":2}},"20":{"start":{"line":21,"column":0},"end":{"line":21,"column":45}},"21":{"start":{"line":22,"column":0},"end":{"line":22,"column":36}},"22":{"start":{"line":23,"column":0},"end":{"line":23,"column":29}},"23":{"start":{"line":24,"column":0},"end":{"line":24,"column":17}},"24":{"start":{"line":25,"column":0},"end":{"line":25,"column":10}},"25":{"start":{"line":26,"column":0},"end":{"line":26,"column":27}},"26":{"start":{"line":27,"column":0},"end":{"line":27,"column":21}},"27":{"start":{"line":28,"column":0},"end":{"line":28,"column":20}},"28":{"start":{"line":29,"column":0},"end":{"line":29,"column":30}},"29":{"start":{"line":30,"column":0},"end":{"line":30,"column":57}},"30":{"start":{"line":31,"column":0},"end":{"line":31,"column":23}},"31":{"start":{"line":32,"column":0},"end":{"line":32,"column":5}},"32":{"start":{"line":33,"column":0},"end":{"line":33,"column":16}},"33":{"start":{"line":34,"column":0},"end":{"line":34,"column":1}},"34":{"start":{"line":35,"column":0},"end":{"line":35,"column":34}},"35":{"start":{"line":36,"column":0},"end":{"line":36,"column":42}},"36":{"start":{"line":37,"column":0},"end":{"line":37,"column":107}},"37":{"start":{"line":38,"column":0},"end":{"line":38,"column":68}},"38":{"start":{"line":39,"column":0},"end":{"line":39,"column":1}},"39":{"start":{"line":40,"column":0},"end":{"line":40,"column":1}},"40":{"start":{"line":41,"column":0},"end":{"line":41,"column":38}},"41":{"start":{"line":42,"column":0},"end":{"line":42,"column":62}},"42":{"start":{"line":43,"column":0},"end":{"line":43,"column":43}},"43":{"start":{"line":44,"column":0},"end":{"line":44,"column":53}},"44":{"start":{"line":45,"column":0},"end":{"line":45,"column":5}},"45":{"start":{"line":46,"column":0},"end":{"line":46,"column":1}},"46":{"start":{"line":47,"column":0},"end":{"line":47,"column":44}},"47":{"start":{"line":48,"column":0},"end":{"line":48,"column":35}},"48":{"start":{"line":49,"column":0},"end":{"line":49,"column":50}},"49":{"start":{"line":50,"column":0},"end":{"line":50,"column":68}},"50":{"start":{"line":51,"column":0},"end":{"line":51,"column":24}},"51":{"start":{"line":52,"column":0},"end":{"line":52,"column":94}},"52":{"start":{"line":53,"column":0},"end":{"line":53,"column":48}},"53":{"start":{"line":54,"column":0},"end":{"line":54,"column":65}},"54":{"start":{"line":55,"column":0},"end":{"line":55,"column":120}},"55":{"start":{"line":56,"column":0},"end":{"line":56,"column":176}},"56":{"start":{"line":57,"column":0},"end":{"line":57,"column":49}},"57":{"start":{"line":58,"column":0},"end":{"line":58,"column":55}},"58":{"start":{"line":59,"column":0},"end":{"line":59,"column":17}},"59":{"start":{"line":60,"column":0},"end":{"line":60,"column":48}},"60":{"start":{"line":61,"column":0},"end":{"line":61,"column":31}},"61":{"start":{"line":62,"column":0},"end":{"line":62,"column":37}},"62":{"start":{"line":63,"column":0},"end":{"line":63,"column":41}},"63":{"start":{"line":64,"column":0},"end":{"line":64,"column":18}},"64":{"start":{"line":65,"column":0},"end":{"line":65,"column":13}},"65":{"start":{"line":66,"column":0},"end":{"line":66,"column":18}},"66":{"start":{"line":67,"column":0},"end":{"line":67,"column":61}},"67":{"start":{"line":68,"column":0},"end":{"line":68,"column":13}},"68":{"start":{"line":69,"column":0},"end":{"line":69,"column":9}},"69":{"start":{"line":70,"column":0},"end":{"line":70,"column":5}},"70":{"start":{"line":71,"column":0},"end":{"line":71,"column":29}},"71":{"start":{"line":72,"column":0},"end":{"line":72,"column":1}},"72":{"start":{"line":73,"column":0},"end":{"line":73,"column":32}},"73":{"start":{"line":74,"column":0},"end":{"line":74,"column":77}},"74":{"start":{"line":75,"column":0},"end":{"line":75,"column":29}},"75":{"start":{"line":76,"column":0},"end":{"line":76,"column":65}},"76":{"start":{"line":77,"column":0},"end":{"line":77,"column":36}},"77":{"start":{"line":78,"column":0},"end":{"line":78,"column":42}},"78":{"start":{"line":79,"column":0},"end":{"line":79,"column":63}},"79":{"start":{"line":80,"column":0},"end":{"line":80,"column":38}},"80":{"start":{"line":81,"column":0},"end":{"line":81,"column":40}},"81":{"start":{"line":82,"column":0},"end":{"line":82,"column":24}},"82":{"start":{"line":83,"column":0},"end":{"line":83,"column":1}},"83":{"start":{"line":84,"column":0},"end":{"line":84,"column":53}},"84":{"start":{"line":85,"column":0},"end":{"line":85,"column":138}},"85":{"start":{"line":86,"column":0},"end":{"line":86,"column":60}},"86":{"start":{"line":87,"column":0},"end":{"line":87,"column":47}},"87":{"start":{"line":88,"column":0},"end":{"line":88,"column":5}},"88":{"start":{"line":89,"column":0},"end":{"line":89,"column":23}},"89":{"start":{"line":90,"column":0},"end":{"line":90,"column":1}},"90":{"start":{"line":91,"column":0},"end":{"line":91,"column":36}},"91":{"start":{"line":92,"column":0},"end":{"line":92,"column":54}},"92":{"start":{"line":93,"column":0},"end":{"line":93,"column":50}},"93":{"start":{"line":94,"column":0},"end":{"line":94,"column":46}},"94":{"start":{"line":95,"column":0},"end":{"line":95,"column":48}},"95":{"start":{"line":96,"column":0},"end":{"line":96,"column":9}},"96":{"start":{"line":97,"column":0},"end":{"line":97,"column":7}},"97":{"start":{"line":98,"column":0},"end":{"line":98,"column":1}},"98":{"start":{"line":99,"column":0},"end":{"line":99,"column":18}},"99":{"start":{"line":100,"column":0},"end":{"line":100,"column":51}},"100":{"start":{"line":101,"column":0},"end":{"line":101,"column":50}},"101":{"start":{"line":102,"column":0},"end":{"line":102,"column":56}},"102":{"start":{"line":103,"column":0},"end":{"line":103,"column":9}},"103":{"start":{"line":104,"column":0},"end":{"line":104,"column":60}},"104":{"start":{"line":105,"column":0},"end":{"line":105,"column":23}},"105":{"start":{"line":106,"column":0},"end":{"line":106,"column":148}},"106":{"start":{"line":107,"column":0},"end":{"line":107,"column":51}},"107":{"start":{"line":108,"column":0},"end":{"line":108,"column":29}},"108":{"start":{"line":109,"column":0},"end":{"line":109,"column":46}},"109":{"start":{"line":110,"column":0},"end":{"line":110,"column":95}},"110":{"start":{"line":111,"column":0},"end":{"line":111,"column":72}},"111":{"start":{"line":112,"column":0},"end":{"line":112,"column":36}},"112":{"start":{"line":113,"column":0},"end":{"line":113,"column":15}},"113":{"start":{"line":114,"column":0},"end":{"line":114,"column":38}},"114":{"start":{"line":115,"column":0},"end":{"line":115,"column":40}},"115":{"start":{"line":116,"column":0},"end":{"line":116,"column":87}},"116":{"start":{"line":117,"column":0},"end":{"line":117,"column":29}},"117":{"start":{"line":118,"column":0},"end":{"line":118,"column":19}},"118":{"start":{"line":119,"column":0},"end":{"line":119,"column":46}},"119":{"start":{"line":120,"column":0},"end":{"line":120,"column":60}},"120":{"start":{"line":121,"column":0},"end":{"line":121,"column":15}},"121":{"start":{"line":122,"column":0},"end":{"line":122,"column":11}},"122":{"start":{"line":123,"column":0},"end":{"line":123,"column":24}},"123":{"start":{"line":124,"column":0},"end":{"line":124,"column":5}},"124":{"start":{"line":125,"column":0},"end":{"line":125,"column":2}}},"s":{"0":1,"1":1,"2":9,"3":9,"4":1,"5":0,"6":0,"7":1,"8":1,"9":1,"10":1,"11":0,"12":1,"13":1,"14":1,"15":1,"16":1,"17":1,"18":1,"19":1,"20":1,"21":1,"22":1,"23":1,"24":1,"25":1,"26":1,"27":1,"28":2,"29":2,"30":2,"31":1,"32":0,"33":0,"34":2,"35":2,"36":2,"37":2,"38":0,"39":0,"40":2,"41":2,"42":1,"43":1,"44":1,"45":1,"46":2,"47":2,"48":2,"49":2,"50":2,"51":2,"52":4,"53":4,"54":4,"55":0,"56":3,"57":0,"58":0,"59":0,"60":0,"61":0,"62":3,"63":1,"64":1,"65":1,"66":10,"67":10,"68":10,"69":10,"70":10,"71":10,"72":5,"73":5,"74":5,"75":5,"76":5,"77":5,"78":5,"79":5,"80":5,"81":5,"82":5,"83":5,"84":5,"85":5,"86":5,"87":5,"88":5,"89":5,"90":2,"91":2,"92":2,"93":2,"94":1,"95":1,"96":1,"97":1,"98":1,"99":1,"100":2,"101":0,"102":0,"103":2,"104":2,"105":2,"106":2,"107":2,"108":2,"109":2,"110":2,"111":1,"112":1,"113":1,"114":10,"115":10,"116":2,"117":2,"118":2,"119":2,"120":0,"121":0,"122":0,"123":0,"124":0},"branchMap":{"0":{"type":"branch","line":1,"loc":{"start":{"line":1,"column":0},"end":{"line":125,"column":2}},"locations":[{"start":{"line":1,"column":0},"end":{"line":125,"column":2}}]},"1":{"type":"branch","line":1,"loc":{"start":{"line":1,"column":0},"end":{"line":125,"column":2}},"locations":[{"start":{"line":1,"column":0},"end":{"line":125,"column":2}}]},"2":{"type":"branch","line":1,"loc":{"start":{"line":1,"column":0},"end":{"line":125,"column":2}},"locations":[{"start":{"line":1,"column":0},"end":{"line":125,"column":2}}]},"3":{"type":"branch","line":1,"loc":{"start":{"line":1,"column":0},"end":{"line":125,"column":2}},"locations":[{"start":{"line":1,"column":0},"end":{"line":125,"column":2}}]},"4":{"type":"branch","line":5,"loc":{"start":{"line":5,"column":3},"end":{"line":8,"column":2}},"locations":[{"start":{"line":5,"column":3},"end":{"line":8,"column":2}}]},"5":{"type":"branch","line":11,"loc":{"start":{"line":11,"column":3},"end":{"line":13,"column":1}},"locations":[{"start":{"line":11,"column":3},"end":{"line":13,"column":1}}]},"6":{"type":"branch","line":2,"loc":{"start":{"line":2,"column":74},"end":{"line":5,"column":1}},"locations":[{"start":{"line":2,"column":74},"end":{"line":5,"column":1}}]},"7":{"type":"branch","line":4,"loc":{"start":{"line":4,"column":58},"end":{"line":4,"column":85}},"locations":[{"start":{"line":4,"column":58},"end":{"line":4,"column":85}}]},"8":{"type":"branch","line":5,"loc":{"start":{"line":5,"column":6},"end":{"line":8,"column":1}},"locations":[{"start":{"line":5,"column":6},"end":{"line":8,"column":1}}]},"9":{"type":"branch","line":9,"loc":{"start":{"line":9,"column":80},"end":{"line":11,"column":1}},"locations":[{"start":{"line":9,"column":80},"end":{"line":11,"column":1}}]},"10":{"type":"branch","line":14,"loc":{"start":{"line":14,"column":50},"end":{"line":20,"column":1}},"locations":[{"start":{"line":14,"column":50},"end":{"line":20,"column":1}}]},"11":{"type":"branch","line":15,"loc":{"start":{"line":15,"column":31},"end":{"line":15,"column":42}},"locations":[{"start":{"line":15,"column":31},"end":{"line":15,"column":42}}]},"12":{"type":"branch","line":17,"loc":{"start":{"line":17,"column":40},"end":{"line":17,"column":141}},"locations":[{"start":{"line":17,"column":40},"end":{"line":17,"column":141}}]},"13":{"type":"branch","line":23,"loc":{"start":{"line":23,"column":8},"end":{"line":125,"column":2}},"locations":[{"start":{"line":23,"column":8},"end":{"line":125,"column":2}}]},"14":{"type":"branch","line":26,"loc":{"start":{"line":26,"column":5},"end":{"line":27,"column":0}},"locations":[{"start":{"line":26,"column":5},"end":{"line":27,"column":0}}]},"15":{"type":"branch","line":33,"loc":{"start":{"line":33,"column":12},"end":{"line":36,"column":39}},"locations":[{"start":{"line":33,"column":12},"end":{"line":36,"column":39}}]},"16":{"type":"branch","line":37,"loc":{"start":{"line":37,"column":30},"end":{"line":37,"column":56}},"locations":[{"start":{"line":37,"column":30},"end":{"line":37,"column":56}}]},"17":{"type":"branch","line":38,"loc":{"start":{"line":38,"column":64},"end":{"line":41,"column":33}},"locations":[{"start":{"line":38,"column":64},"end":{"line":41,"column":33}}]},"18":{"type":"branch","line":42,"loc":{"start":{"line":42,"column":22},"end":{"line":42,"column":42}},"locations":[{"start":{"line":42,"column":22},"end":{"line":42,"column":42}}]},"19":{"type":"branch","line":28,"loc":{"start":{"line":28,"column":1},"end":{"line":33,"column":10}},"locations":[{"start":{"line":28,"column":1},"end":{"line":33,"column":10}}]},"20":{"type":"branch","line":29,"loc":{"start":{"line":29,"column":0},"end":{"line":34,"column":1}},"locations":[{"start":{"line":29,"column":0},"end":{"line":34,"column":1}}]},"21":{"type":"branch","line":33,"loc":{"start":{"line":33,"column":-1},"end":{"line":34,"column":0}},"locations":[{"start":{"line":33,"column":-1},"end":{"line":34,"column":0}}]},"22":{"type":"branch","line":31,"loc":{"start":{"line":31,"column":7},"end":{"line":33,"column":4}},"locations":[{"start":{"line":31,"column":7},"end":{"line":33,"column":4}}]},"23":{"type":"branch","line":33,"loc":{"start":{"line":33,"column":15},"end":{"line":36,"column":38}},"locations":[{"start":{"line":33,"column":15},"end":{"line":36,"column":38}}]},"24":{"type":"branch","line":35,"loc":{"start":{"line":35,"column":0},"end":{"line":39,"column":1}},"locations":[{"start":{"line":35,"column":0},"end":{"line":39,"column":1}}]},"25":{"type":"branch","line":37,"loc":{"start":{"line":37,"column":71},"end":{"line":37,"column":79}},"locations":[{"start":{"line":37,"column":71},"end":{"line":37,"column":79}}]},"26":{"type":"branch","line":37,"loc":{"start":{"line":37,"column":79},"end":{"line":38,"column":62}},"locations":[{"start":{"line":37,"column":79},"end":{"line":38,"column":62}}]},"27":{"type":"branch","line":41,"loc":{"start":{"line":41,"column":0},"end":{"line":46,"column":1}},"locations":[{"start":{"line":41,"column":0},"end":{"line":46,"column":1}}]},"28":{"type":"branch","line":43,"loc":{"start":{"line":43,"column":42},"end":{"line":45,"column":5}},"locations":[{"start":{"line":43,"column":42},"end":{"line":45,"column":5}}]},"29":{"type":"branch","line":42,"loc":{"start":{"line":42,"column":47},"end":{"line":50,"column":26}},"locations":[{"start":{"line":42,"column":47},"end":{"line":50,"column":26}}]},"30":{"type":"branch","line":43,"loc":{"start":{"line":43,"column":32},"end":{"line":43,"column":43}},"locations":[{"start":{"line":43,"column":32},"end":{"line":43,"column":43}}]},"31":{"type":"branch","line":47,"loc":{"start":{"line":47,"column":-1},"end":{"line":49,"column":19}},"locations":[{"start":{"line":47,"column":-1},"end":{"line":49,"column":19}}]},"32":{"type":"branch","line":47,"loc":{"start":{"line":47,"column":0},"end":{"line":72,"column":1}},"locations":[{"start":{"line":47,"column":0},"end":{"line":72,"column":1}}]},"33":{"type":"branch","line":52,"loc":{"start":{"line":52,"column":93},"end":{"line":69,"column":9}},"locations":[{"start":{"line":52,"column":93},"end":{"line":69,"column":9}}]},"34":{"type":"branch","line":55,"loc":{"start":{"line":55,"column":77},"end":{"line":55,"column":85}},"locations":[{"start":{"line":55,"column":77},"end":{"line":55,"column":85}}]},"35":{"type":"branch","line":55,"loc":{"start":{"line":55,"column":118},"end":{"line":56,"column":173}},"locations":[{"start":{"line":55,"column":118},"end":{"line":56,"column":173}}]},"36":{"type":"branch","line":56,"loc":{"start":{"line":56,"column":77},"end":{"line":56,"column":85}},"locations":[{"start":{"line":56,"column":77},"end":{"line":56,"column":85}}]},"37":{"type":"branch","line":56,"loc":{"start":{"line":56,"column":175},"end":{"line":65,"column":13}},"locations":[{"start":{"line":56,"column":175},"end":{"line":65,"column":13}}]},"38":{"type":"branch","line":57,"loc":{"start":{"line":57,"column":48},"end":{"line":59,"column":17}},"locations":[{"start":{"line":57,"column":48},"end":{"line":59,"column":17}}]},"39":{"type":"branch","line":66,"loc":{"start":{"line":66,"column":-1},"end":{"line":68,"column":13}},"locations":[{"start":{"line":66,"column":-1},"end":{"line":68,"column":13}}]},"40":{"type":"branch","line":54,"loc":{"start":{"line":54,"column":3},"end":{"line":55,"column":74}},"locations":[{"start":{"line":54,"column":3},"end":{"line":55,"column":74}}]},"41":{"type":"branch","line":55,"loc":{"start":{"line":55,"column":55},"end":{"line":55,"column":73}},"locations":[{"start":{"line":55,"column":55},"end":{"line":55,"column":73}}]},"42":{"type":"branch","line":63,"loc":{"start":{"line":63,"column":1},"end":{"line":94,"column":42}},"locations":[{"start":{"line":63,"column":1},"end":{"line":94,"column":42}}]},"43":{"type":"branch","line":66,"loc":{"start":{"line":66,"column":5},"end":{"line":94,"column":10}},"locations":[{"start":{"line":66,"column":5},"end":{"line":94,"column":10}}]},"44":{"type":"branch","line":74,"loc":{"start":{"line":74,"column":69},"end":{"line":94,"column":4}},"locations":[{"start":{"line":74,"column":69},"end":{"line":94,"column":4}}]},"45":{"type":"branch","line":79,"loc":{"start":{"line":79,"column":9},"end":{"line":79,"column":17}},"locations":[{"start":{"line":79,"column":9},"end":{"line":79,"column":17}}]},"46":{"type":"branch","line":79,"loc":{"start":{"line":79,"column":50},"end":{"line":85,"column":1}},"locations":[{"start":{"line":79,"column":50},"end":{"line":85,"column":1}}]},"47":{"type":"branch","line":81,"loc":{"start":{"line":81,"column":27},"end":{"line":81,"column":35}},"locations":[{"start":{"line":81,"column":27},"end":{"line":81,"column":35}}]},"48":{"type":"branch","line":85,"loc":{"start":{"line":85,"column":3},"end":{"line":92,"column":5}},"locations":[{"start":{"line":85,"column":3},"end":{"line":92,"column":5}}]},"49":{"type":"branch","line":85,"loc":{"start":{"line":85,"column":53},"end":{"line":85,"column":128}},"locations":[{"start":{"line":85,"column":53},"end":{"line":85,"column":128}}]},"50":{"type":"branch","line":92,"loc":{"start":{"line":92,"column":5},"end":{"line":93,"column":45}},"locations":[{"start":{"line":92,"column":5},"end":{"line":93,"column":45}}]},"51":{"type":"branch","line":73,"loc":{"start":{"line":73,"column":0},"end":{"line":83,"column":1}},"locations":[{"start":{"line":73,"column":0},"end":{"line":83,"column":1}}]},"52":{"type":"branch","line":84,"loc":{"start":{"line":84,"column":0},"end":{"line":90,"column":1}},"locations":[{"start":{"line":84,"column":0},"end":{"line":90,"column":1}}]},"53":{"type":"branch","line":85,"loc":{"start":{"line":85,"column":70},"end":{"line":85,"column":78}},"locations":[{"start":{"line":85,"column":70},"end":{"line":85,"column":78}}]},"54":{"type":"branch","line":85,"loc":{"start":{"line":85,"column":105},"end":{"line":85,"column":133}},"locations":[{"start":{"line":85,"column":105},"end":{"line":85,"column":133}}]},"55":{"type":"branch","line":85,"loc":{"start":{"line":85,"column":134},"end":{"line":85,"column":137}},"locations":[{"start":{"line":85,"column":134},"end":{"line":85,"column":137}}]},"56":{"type":"branch","line":91,"loc":{"start":{"line":91,"column":0},"end":{"line":98,"column":1}},"locations":[{"start":{"line":91,"column":0},"end":{"line":98,"column":1}}]},"57":{"type":"branch","line":92,"loc":{"start":{"line":92,"column":37},"end":{"line":97,"column":5}},"locations":[{"start":{"line":92,"column":37},"end":{"line":97,"column":5}}]},"58":{"type":"branch","line":94,"loc":{"start":{"line":94,"column":45},"end":{"line":96,"column":9}},"locations":[{"start":{"line":94,"column":45},"end":{"line":96,"column":9}}]},"59":{"type":"branch","line":94,"loc":{"start":{"line":94,"column":43},"end":{"line":106,"column":110}},"locations":[{"start":{"line":94,"column":43},"end":{"line":106,"column":110}}]},"60":{"type":"branch","line":100,"loc":{"start":{"line":100,"column":19},"end":{"line":124,"column":5}},"locations":[{"start":{"line":100,"column":19},"end":{"line":124,"column":5}}]},"61":{"type":"branch","line":101,"loc":{"start":{"line":101,"column":49},"end":{"line":103,"column":9}},"locations":[{"start":{"line":101,"column":49},"end":{"line":103,"column":9}}]},"62":{"type":"branch","line":104,"loc":{"start":{"line":104,"column":36},"end":{"line":122,"column":9}},"locations":[{"start":{"line":104,"column":36},"end":{"line":122,"column":9}}]},"63":{"type":"branch","line":106,"loc":{"start":{"line":106,"column":86},"end":{"line":106,"column":94}},"locations":[{"start":{"line":106,"column":86},"end":{"line":106,"column":94}}]},"64":{"type":"branch","line":106,"loc":{"start":{"line":106,"column":137},"end":{"line":106,"column":141}},"locations":[{"start":{"line":106,"column":137},"end":{"line":106,"column":141}}]},"65":{"type":"branch","line":106,"loc":{"start":{"line":106,"column":142},"end":{"line":106,"column":147}},"locations":[{"start":{"line":106,"column":142},"end":{"line":106,"column":147}}]},"66":{"type":"branch","line":110,"loc":{"start":{"line":110,"column":55},"end":{"line":110,"column":73}},"locations":[{"start":{"line":110,"column":55},"end":{"line":110,"column":73}}]},"67":{"type":"branch","line":106,"loc":{"start":{"line":106,"column":111},"end":{"line":111,"column":70}},"locations":[{"start":{"line":106,"column":111},"end":{"line":111,"column":70}}]},"68":{"type":"branch","line":109,"loc":{"start":{"line":109,"column":4},"end":{"line":109,"column":12}},"locations":[{"start":{"line":109,"column":4},"end":{"line":109,"column":12}}]},"69":{"type":"branch","line":109,"loc":{"start":{"line":109,"column":39},"end":{"line":110,"column":20}},"locations":[{"start":{"line":109,"column":39},"end":{"line":110,"column":20}}]},"70":{"type":"branch","line":111,"loc":{"start":{"line":111,"column":71},"end":{"line":118,"column":5}},"locations":[{"start":{"line":111,"column":71},"end":{"line":118,"column":5}}]},"71":{"type":"branch","line":114,"loc":{"start":{"line":114,"column":19},"end":{"line":118,"column":1}},"locations":[{"start":{"line":114,"column":19},"end":{"line":118,"column":1}}]},"72":{"type":"branch","line":116,"loc":{"start":{"line":116,"column":53},"end":{"line":117,"column":25}},"locations":[{"start":{"line":116,"column":53},"end":{"line":117,"column":25}}]},"73":{"type":"branch","line":116,"loc":{"start":{"line":116,"column":57},"end":{"line":118,"column":17}},"locations":[{"start":{"line":116,"column":57},"end":{"line":118,"column":17}}]},"74":{"type":"branch","line":119,"loc":{"start":{"line":119,"column":25},"end":{"line":121,"column":13}},"locations":[{"start":{"line":119,"column":25},"end":{"line":121,"column":13}}]}},"b":{"0":[1],"1":[1],"2":[1],"3":[1],"4":[0],"5":[0],"6":[9],"7":[1],"8":[0],"9":[1],"10":[1],"11":[0],"12":[9],"13":[1],"14":[0],"15":[0],"16":[0],"17":[0],"18":[0],"19":[9],"20":[2],"21":[0],"22":[1],"23":[0],"24":[2],"25":[0],"26":[1],"27":[2],"28":[5],"29":[1],"30":[0],"31":[9],"32":[2],"33":[4],"34":[0],"35":[1],"36":[0],"37":[3],"38":[2],"39":[1],"40":[1],"41":[0],"42":[1],"43":[10],"44":[46],"45":[0],"46":[28],"47":[0],"48":[18],"49":[10],"50":[28],"51":[5],"52":[5],"53":[0],"54":[1],"55":[4],"56":[2],"57":[2],"58":[1],"59":[1],"60":[2],"61":[0],"62":[2],"63":[0],"64":[1],"65":[1],"66":[0],"67":[2],"68":[0],"69":[0],"70":[1],"71":[10],"72":[2],"73":[2],"74":[2]},"fnMap":{"0":{"name":"Object.<anonymous>","decl":{"start":{"line":1,"column":0},"end":{"line":125,"column":2}},"loc":{"start":{"line":1,"column":0},"end":{"line":125,"column":2}},"line":1},"1":{"name":"get","decl":{"start":{"line":4,"column":58},"end":{"line":4,"column":85}},"loc":{"start":{"line":4,"column":58},"end":{"line":4,"column":85}},"line":4},"2":{"name":"Object.<anonymous>.__setModuleDefault","decl":{"start":{"line":11,"column":5},"end":{"line":13,"column":1}},"loc":{"start":{"line":11,"column":5},"end":{"line":13,"column":1}},"line":11},"3":{"name":"Object.<anonymous>.__importStar","decl":{"start":{"line":14,"column":50},"end":{"line":20,"column":1}},"loc":{"start":{"line":14,"column":50},"end":{"line":20,"column":1}},"line":14},"4":{"name":"getSampleJson","decl":{"start":{"line":29,"column":0},"end":{"line":34,"column":1}},"loc":{"start":{"line":29,"column":0},"end":{"line":34,"column":1}},"line":29},"5":{"name":"get","decl":{"start":{"line":31,"column":7},"end":{"line":33,"column":4}},"loc":{"start":{"line":31,"column":7},"end":{"line":33,"column":4}},"line":31},"6":{"name":"addWorkSheet","decl":{"start":{"line":35,"column":0},"end":{"line":39,"column":1}},"loc":{"start":{"line":35,"column":0},"end":{"line":39,"column":1}},"line":35},"7":{"name":"__setModuleDefault","decl":{"start":{"line":38,"column":66},"end":{"line":41,"column":33}},"loc":{"start":{"line":38,"column":66},"end":{"line":41,"column":33}},"line":38},"8":{"name":"setExcelHeader","decl":{"start":{"line":41,"column":0},"end":{"line":46,"column":1}},"loc":{"start":{"line":41,"column":0},"end":{"line":46,"column":1}},"line":41},"9":{"name":"__importStar","decl":{"start":{"line":42,"column":47},"end":{"line":50,"column":26}},"loc":{"start":{"line":42,"column":47},"end":{"line":50,"column":26}},"line":42},"10":{"name":"getHeaderInformation","decl":{"start":{"line":47,"column":0},"end":{"line":72,"column":1}},"loc":{"start":{"line":47,"column":0},"end":{"line":72,"column":1}},"line":47},"11":{"name":"getSampleJson","decl":{"start":{"line":54,"column":3},"end":{"line":55,"column":74}},"loc":{"start":{"line":54,"column":3},"end":{"line":55,"column":74}},"line":54},"12":{"name":"addWorkSheet","decl":{"start":{"line":55,"column":75},"end":{"line":57,"column":33}},"loc":{"start":{"line":55,"column":75},"end":{"line":57,"column":33}},"line":55},"13":{"name":"setExcelHeader","decl":{"start":{"line":57,"column":36},"end":{"line":63,"column":0}},"loc":{"start":{"line":57,"column":36},"end":{"line":63,"column":0}},"line":57},"14":{"name":"getHeaderInformation","decl":{"start":{"line":63,"column":1},"end":{"line":94,"column":42}},"loc":{"start":{"line":63,"column":1},"end":{"line":94,"column":42}},"line":63},"15":{"name":"mergeCell","decl":{"start":{"line":73,"column":0},"end":{"line":83,"column":1}},"loc":{"start":{"line":73,"column":0},"end":{"line":83,"column":1}},"line":73},"16":{"name":"getColumnCell","decl":{"start":{"line":84,"column":0},"end":{"line":90,"column":1}},"loc":{"start":{"line":84,"column":0},"end":{"line":90,"column":1}},"line":84},"17":{"name":"findMaxDepth","decl":{"start":{"line":91,"column":0},"end":{"line":98,"column":1}},"loc":{"start":{"line":91,"column":0},"end":{"line":98,"column":1}},"line":91},"18":{"name":"mergeCell","decl":{"start":{"line":94,"column":43},"end":{"line":106,"column":110}},"loc":{"start":{"line":94,"column":43},"end":{"line":106,"column":110}},"line":94},"19":{"name":"generateExcel","decl":{"start":{"line":100,"column":19},"end":{"line":124,"column":5}},"loc":{"start":{"line":100,"column":19},"end":{"line":124,"column":5}},"line":100},"20":{"name":"getColumnCell","decl":{"start":{"line":106,"column":111},"end":{"line":111,"column":70}},"loc":{"start":{"line":106,"column":111},"end":{"line":111,"column":70}},"line":106},"21":{"name":"findMaxDepth","decl":{"start":{"line":111,"column":71},"end":{"line":118,"column":5}},"loc":{"start":{"line":111,"column":71},"end":{"line":118,"column":5}},"line":111},"22":{"name":"generateExcel","decl":{"start":{"line":119,"column":24},"end":{"line":125,"column":2}},"loc":{"start":{"line":119,"column":24},"end":{"line":125,"column":2}},"line":119}},"f":{"0":1,"1":1,"2":0,"3":1,"4":2,"5":1,"6":2,"7":0,"8":2,"9":1,"10":2,"11":1,"12":0,"13":0,"14":1,"15":5,"16":5,"17":2,"18":1,"19":2,"20":2,"21":1,"22":0}}
}
