{"/Users/ek-macuser009/projects/json-excel/lib/index.js": {"path":"/Users/ek-macuser009/projects/json-excel/lib/index.js","all":false,"statementMap":{"0":{"start":{"line":1,"column":0},"end":{"line":1,"column":13}},"1":{"start":{"line":2,"column":0},"end":{"line":2,"column":97}},"2":{"start":{"line":3,"column":0},"end":{"line":3,"column":33}},"3":{"start":{"line":4,"column":0},"end":{"line":4,"column":89}},"4":{"start":{"line":5,"column":0},"end":{"line":5,"column":29}},"5":{"start":{"line":6,"column":0},"end":{"line":6,"column":33}},"6":{"start":{"line":7,"column":0},"end":{"line":7,"column":17}},"7":{"start":{"line":8,"column":0},"end":{"line":8,"column":4}},"8":{"start":{"line":9,"column":0},"end":{"line":9,"column":96}},"9":{"start":{"line":10,"column":0},"end":{"line":10,"column":72}},"10":{"start":{"line":11,"column":0},"end":{"line":11,"column":21}},"11":{"start":{"line":12,"column":0},"end":{"line":12,"column":21}},"12":{"start":{"line":13,"column":0},"end":{"line":13,"column":3}},"13":{"start":{"line":14,"column":0},"end":{"line":14,"column":66}},"14":{"start":{"line":15,"column":0},"end":{"line":15,"column":42}},"15":{"start":{"line":16,"column":0},"end":{"line":16,"column":20}},"16":{"start":{"line":17,"column":0},"end":{"line":17,"column":141}},"17":{"start":{"line":18,"column":0},"end":{"line":18,"column":36}},"18":{"start":{"line":19,"column":0},"end":{"line":19,"column":18}},"19":{"start":{"line":20,"column":0},"end":{"line":20,"column":2}},"20":{"start":{"line":21,"column":0},"end":{"line":21,"column":45}},"21":{"start":{"line":22,"column":0},"end":{"line":22,"column":36}},"22":{"start":{"line":23,"column":0},"end":{"line":23,"column":29}},"23":{"start":{"line":24,"column":0},"end":{"line":24,"column":17}},"24":{"start":{"line":25,"column":0},"end":{"line":25,"column":10}},"25":{"start":{"line":26,"column":0},"end":{"line":26,"column":27}},"26":{"start":{"line":27,"column":0},"end":{"line":27,"column":21}},"27":{"start":{"line":28,"column":0},"end":{"line":28,"column":20}},"28":{"start":{"line":29,"column":0},"end":{"line":29,"column":30}},"29":{"start":{"line":30,"column":0},"end":{"line":30,"column":57}},"30":{"start":{"line":31,"column":0},"end":{"line":31,"column":23}},"31":{"start":{"line":32,"column":0},"end":{"line":32,"column":5}},"32":{"start":{"line":33,"column":0},"end":{"line":33,"column":16}},"33":{"start":{"line":34,"column":0},"end":{"line":34,"column":1}},"34":{"start":{"line":35,"column":0},"end":{"line":35,"column":34}},"35":{"start":{"line":36,"column":0},"end":{"line":36,"column":42}},"36":{"start":{"line":37,"column":0},"end":{"line":37,"column":107}},"37":{"start":{"line":38,"column":0},"end":{"line":38,"column":68}},"38":{"start":{"line":39,"column":0},"end":{"line":39,"column":1}},"39":{"start":{"line":40,"column":0},"end":{"line":40,"column":1}},"40":{"start":{"line":41,"column":0},"end":{"line":41,"column":38}},"41":{"start":{"line":42,"column":0},"end":{"line":42,"column":62}},"42":{"start":{"line":43,"column":0},"end":{"line":43,"column":43}},"43":{"start":{"line":44,"column":0},"end":{"line":44,"column":53}},"44":{"start":{"line":45,"column":0},"end":{"line":45,"column":5}},"45":{"start":{"line":46,"column":0},"end":{"line":46,"column":26}},"46":{"start":{"line":47,"column":0},"end":{"line":47,"column":1}},"47":{"start":{"line":48,"column":0},"end":{"line":48,"column":44}},"48":{"start":{"line":49,"column":0},"end":{"line":49,"column":35}},"49":{"start":{"line":50,"column":0},"end":{"line":50,"column":50}},"50":{"start":{"line":51,"column":0},"end":{"line":51,"column":68}},"51":{"start":{"line":52,"column":0},"end":{"line":52,"column":24}},"52":{"start":{"line":53,"column":0},"end":{"line":53,"column":94}},"53":{"start":{"line":54,"column":0},"end":{"line":54,"column":48}},"54":{"start":{"line":55,"column":0},"end":{"line":55,"column":65}},"55":{"start":{"line":56,"column":0},"end":{"line":56,"column":120}},"56":{"start":{"line":57,"column":0},"end":{"line":57,"column":176}},"57":{"start":{"line":58,"column":0},"end":{"line":58,"column":72}},"58":{"start":{"line":59,"column":0},"end":{"line":59,"column":49}},"59":{"start":{"line":60,"column":0},"end":{"line":60,"column":55}},"60":{"start":{"line":61,"column":0},"end":{"line":61,"column":17}},"61":{"start":{"line":62,"column":0},"end":{"line":62,"column":48}},"62":{"start":{"line":63,"column":0},"end":{"line":63,"column":31}},"63":{"start":{"line":64,"column":0},"end":{"line":64,"column":37}},"64":{"start":{"line":65,"column":0},"end":{"line":65,"column":41}},"65":{"start":{"line":66,"column":0},"end":{"line":66,"column":18}},"66":{"start":{"line":67,"column":0},"end":{"line":67,"column":13}},"67":{"start":{"line":68,"column":0},"end":{"line":68,"column":18}},"68":{"start":{"line":69,"column":0},"end":{"line":69,"column":61}},"69":{"start":{"line":70,"column":0},"end":{"line":70,"column":13}},"70":{"start":{"line":71,"column":0},"end":{"line":71,"column":46}},"71":{"start":{"line":72,"column":0},"end":{"line":72,"column":9}},"72":{"start":{"line":73,"column":0},"end":{"line":73,"column":5}},"73":{"start":{"line":74,"column":0},"end":{"line":74,"column":29}},"74":{"start":{"line":75,"column":0},"end":{"line":75,"column":1}},"75":{"start":{"line":76,"column":0},"end":{"line":76,"column":32}},"76":{"start":{"line":77,"column":0},"end":{"line":77,"column":77}},"77":{"start":{"line":78,"column":0},"end":{"line":78,"column":29}},"78":{"start":{"line":79,"column":0},"end":{"line":79,"column":65}},"79":{"start":{"line":80,"column":0},"end":{"line":80,"column":36}},"80":{"start":{"line":81,"column":0},"end":{"line":81,"column":42}},"81":{"start":{"line":82,"column":0},"end":{"line":82,"column":63}},"82":{"start":{"line":83,"column":0},"end":{"line":83,"column":38}},"83":{"start":{"line":84,"column":0},"end":{"line":84,"column":40}},"84":{"start":{"line":85,"column":0},"end":{"line":85,"column":24}},"85":{"start":{"line":86,"column":0},"end":{"line":86,"column":1}},"86":{"start":{"line":87,"column":0},"end":{"line":87,"column":53}},"87":{"start":{"line":88,"column":0},"end":{"line":88,"column":138}},"88":{"start":{"line":89,"column":0},"end":{"line":89,"column":60}},"89":{"start":{"line":90,"column":0},"end":{"line":90,"column":47}},"90":{"start":{"line":91,"column":0},"end":{"line":91,"column":5}},"91":{"start":{"line":92,"column":0},"end":{"line":92,"column":23}},"92":{"start":{"line":93,"column":0},"end":{"line":93,"column":1}},"93":{"start":{"line":94,"column":0},"end":{"line":94,"column":36}},"94":{"start":{"line":95,"column":0},"end":{"line":95,"column":54}},"95":{"start":{"line":96,"column":0},"end":{"line":96,"column":50}},"96":{"start":{"line":97,"column":0},"end":{"line":97,"column":46}},"97":{"start":{"line":98,"column":0},"end":{"line":98,"column":48}},"98":{"start":{"line":99,"column":0},"end":{"line":99,"column":9}},"99":{"start":{"line":100,"column":0},"end":{"line":100,"column":7}},"100":{"start":{"line":101,"column":0},"end":{"line":101,"column":1}},"101":{"start":{"line":102,"column":0},"end":{"line":102,"column":37}},"102":{"start":{"line":103,"column":0},"end":{"line":103,"column":26}},"103":{"start":{"line":104,"column":0},"end":{"line":104,"column":1}},"104":{"start":{"line":105,"column":0},"end":{"line":105,"column":18}},"105":{"start":{"line":106,"column":0},"end":{"line":106,"column":25}},"106":{"start":{"line":107,"column":0},"end":{"line":107,"column":40}},"107":{"start":{"line":108,"column":0},"end":{"line":108,"column":30}},"108":{"start":{"line":109,"column":0},"end":{"line":109,"column":6}},"109":{"start":{"line":110,"column":0},"end":{"line":110,"column":31}},"110":{"start":{"line":111,"column":0},"end":{"line":111,"column":25}},"111":{"start":{"line":112,"column":0},"end":{"line":112,"column":6}},"112":{"start":{"line":113,"column":0},"end":{"line":113,"column":51}},"113":{"start":{"line":114,"column":0},"end":{"line":114,"column":50}},"114":{"start":{"line":115,"column":0},"end":{"line":115,"column":56}},"115":{"start":{"line":116,"column":0},"end":{"line":116,"column":9}},"116":{"start":{"line":117,"column":0},"end":{"line":117,"column":60}},"117":{"start":{"line":118,"column":0},"end":{"line":118,"column":29}},"118":{"start":{"line":119,"column":0},"end":{"line":119,"column":46}},"119":{"start":{"line":120,"column":0},"end":{"line":120,"column":95}},"120":{"start":{"line":121,"column":0},"end":{"line":121,"column":72}},"121":{"start":{"line":122,"column":0},"end":{"line":122,"column":36}},"122":{"start":{"line":123,"column":0},"end":{"line":123,"column":15}},"123":{"start":{"line":124,"column":0},"end":{"line":124,"column":38}},"124":{"start":{"line":125,"column":0},"end":{"line":125,"column":40}},"125":{"start":{"line":126,"column":0},"end":{"line":126,"column":87}},"126":{"start":{"line":127,"column":0},"end":{"line":127,"column":29}},"127":{"start":{"line":128,"column":0},"end":{"line":128,"column":19}},"128":{"start":{"line":129,"column":0},"end":{"line":129,"column":46}},"129":{"start":{"line":130,"column":0},"end":{"line":130,"column":60}},"130":{"start":{"line":131,"column":0},"end":{"line":131,"column":15}},"131":{"start":{"line":132,"column":0},"end":{"line":132,"column":11}},"132":{"start":{"line":133,"column":0},"end":{"line":133,"column":24}},"133":{"start":{"line":134,"column":0},"end":{"line":134,"column":5}},"134":{"start":{"line":135,"column":0},"end":{"line":135,"column":2}}},"s":{"0":1,"1":1,"2":9,"3":9,"4":1,"5":0,"6":0,"7":1,"8":1,"9":1,"10":1,"11":0,"12":1,"13":1,"14":1,"15":1,"16":1,"17":1,"18":1,"19":1,"20":1,"21":1,"22":1,"23":1,"24":1,"25":1,"26":1,"27":1,"28":0,"29":0,"30":0,"31":1,"32":0,"33":0,"34":0,"35":0,"36":0,"37":0,"38":0,"39":0,"40":0,"41":0,"42":1,"43":1,"44":1,"45":1,"46":9,"47":0,"48":0,"49":0,"50":0,"51":0,"52":0,"53":0,"54":1,"55":0,"56":0,"57":0,"58":0,"59":0,"60":0,"61":0,"62":1,"63":1,"64":1,"65":10,"66":10,"67":10,"68":10,"69":10,"70":10,"71":10,"72":10,"73":10,"74":46,"75":0,"76":0,"77":0,"78":0,"79":0,"80":0,"81":0,"82":0,"83":0,"84":0,"85":0,"86":0,"87":0,"88":0,"89":0,"90":0,"91":0,"92":0,"93":0,"94":0,"95":0,"96":0,"97":1,"98":1,"99":1,"100":1,"101":0,"102":0,"103":0,"104":1,"105":1,"106":1,"107":1,"108":1,"109":1,"110":1,"111":1,"112":1,"113":0,"114":0,"115":2,"116":2,"117":2,"118":2,"119":2,"120":0,"121":1,"122":1,"123":1,"124":10,"125":10,"126":0,"127":0,"128":0,"129":0,"130":0,"131":0,"132":0,"133":0,"134":1},"branchMap":{"0":{"type":"branch","line":1,"loc":{"start":{"line":1,"column":0},"end":{"line":135,"column":2}},"locations":[{"start":{"line":1,"column":0},"end":{"line":135,"column":2}}]},"1":{"type":"branch","line":1,"loc":{"start":{"line":1,"column":0},"end":{"line":135,"column":2}},"locations":[{"start":{"line":1,"column":0},"end":{"line":135,"column":2}}]},"2":{"type":"branch","line":1,"loc":{"start":{"line":1,"column":0},"end":{"line":135,"column":2}},"locations":[{"start":{"line":1,"column":0},"end":{"line":135,"column":2}}]},"3":{"type":"branch","line":1,"loc":{"start":{"line":1,"column":0},"end":{"line":135,"column":2}},"locations":[{"start":{"line":1,"column":0},"end":{"line":135,"column":2}}]},"4":{"type":"branch","line":5,"loc":{"start":{"line":5,"column":3},"end":{"line":8,"column":2}},"locations":[{"start":{"line":5,"column":3},"end":{"line":8,"column":2}}]},"5":{"type":"branch","line":11,"loc":{"start":{"line":11,"column":3},"end":{"line":13,"column":1}},"locations":[{"start":{"line":11,"column":3},"end":{"line":13,"column":1}}]},"6":{"type":"branch","line":2,"loc":{"start":{"line":2,"column":74},"end":{"line":5,"column":1}},"locations":[{"start":{"line":2,"column":74},"end":{"line":5,"column":1}}]},"7":{"type":"branch","line":4,"loc":{"start":{"line":4,"column":58},"end":{"line":4,"column":85}},"locations":[{"start":{"line":4,"column":58},"end":{"line":4,"column":85}}]},"8":{"type":"branch","line":5,"loc":{"start":{"line":5,"column":6},"end":{"line":8,"column":1}},"locations":[{"start":{"line":5,"column":6},"end":{"line":8,"column":1}}]},"9":{"type":"branch","line":9,"loc":{"start":{"line":9,"column":80},"end":{"line":11,"column":1}},"locations":[{"start":{"line":9,"column":80},"end":{"line":11,"column":1}}]},"10":{"type":"branch","line":14,"loc":{"start":{"line":14,"column":50},"end":{"line":20,"column":1}},"locations":[{"start":{"line":14,"column":50},"end":{"line":20,"column":1}}]},"11":{"type":"branch","line":15,"loc":{"start":{"line":15,"column":31},"end":{"line":15,"column":42}},"locations":[{"start":{"line":15,"column":31},"end":{"line":15,"column":42}}]},"12":{"type":"branch","line":17,"loc":{"start":{"line":17,"column":40},"end":{"line":17,"column":141}},"locations":[{"start":{"line":17,"column":40},"end":{"line":17,"column":141}}]},"13":{"type":"branch","line":23,"loc":{"start":{"line":23,"column":8},"end":{"line":135,"column":2}},"locations":[{"start":{"line":23,"column":8},"end":{"line":135,"column":2}}]},"14":{"type":"branch","line":26,"loc":{"start":{"line":26,"column":5},"end":{"line":27,"column":0}},"locations":[{"start":{"line":26,"column":5},"end":{"line":27,"column":0}}]},"15":{"type":"branch","line":33,"loc":{"start":{"line":33,"column":12},"end":{"line":36,"column":39}},"locations":[{"start":{"line":33,"column":12},"end":{"line":36,"column":39}}]},"16":{"type":"branch","line":37,"loc":{"start":{"line":37,"column":30},"end":{"line":37,"column":56}},"locations":[{"start":{"line":37,"column":30},"end":{"line":37,"column":56}}]},"17":{"type":"branch","line":38,"loc":{"start":{"line":38,"column":64},"end":{"line":41,"column":33}},"locations":[{"start":{"line":38,"column":64},"end":{"line":41,"column":33}}]},"18":{"type":"branch","line":42,"loc":{"start":{"line":42,"column":22},"end":{"line":42,"column":42}},"locations":[{"start":{"line":42,"column":22},"end":{"line":42,"column":42}}]},"19":{"type":"branch","line":28,"loc":{"start":{"line":28,"column":1},"end":{"line":33,"column":10}},"locations":[{"start":{"line":28,"column":1},"end":{"line":33,"column":10}}]},"20":{"type":"branch","line":31,"loc":{"start":{"line":31,"column":7},"end":{"line":33,"column":4}},"locations":[{"start":{"line":31,"column":7},"end":{"line":33,"column":4}}]},"21":{"type":"branch","line":33,"loc":{"start":{"line":33,"column":15},"end":{"line":36,"column":38}},"locations":[{"start":{"line":33,"column":15},"end":{"line":36,"column":38}}]},"22":{"type":"branch","line":37,"loc":{"start":{"line":37,"column":79},"end":{"line":38,"column":62}},"locations":[{"start":{"line":37,"column":79},"end":{"line":38,"column":62}}]},"23":{"type":"branch","line":42,"loc":{"start":{"line":42,"column":47},"end":{"line":50,"column":50}},"locations":[{"start":{"line":42,"column":47},"end":{"line":50,"column":50}}]},"24":{"type":"branch","line":43,"loc":{"start":{"line":43,"column":32},"end":{"line":43,"column":43}},"locations":[{"start":{"line":43,"column":32},"end":{"line":43,"column":43}}]},"25":{"type":"branch","line":46,"loc":{"start":{"line":46,"column":1},"end":{"line":49,"column":28}},"locations":[{"start":{"line":46,"column":1},"end":{"line":49,"column":28}}]},"26":{"type":"branch","line":54,"loc":{"start":{"line":54,"column":25},"end":{"line":56,"column":47}},"locations":[{"start":{"line":54,"column":25},"end":{"line":56,"column":47}}]},"27":{"type":"branch","line":56,"loc":{"start":{"line":56,"column":28},"end":{"line":56,"column":46}},"locations":[{"start":{"line":56,"column":28},"end":{"line":56,"column":46}}]},"28":{"type":"branch","line":62,"loc":{"start":{"line":62,"column":47},"end":{"line":97,"column":42}},"locations":[{"start":{"line":62,"column":47},"end":{"line":97,"column":42}}]},"29":{"type":"branch","line":65,"loc":{"start":{"line":65,"column":7},"end":{"line":97,"column":10}},"locations":[{"start":{"line":65,"column":7},"end":{"line":97,"column":10}}]},"30":{"type":"branch","line":74,"loc":{"start":{"line":74,"column":14},"end":{"line":97,"column":4}},"locations":[{"start":{"line":74,"column":14},"end":{"line":97,"column":4}}]},"31":{"type":"branch","line":79,"loc":{"start":{"line":79,"column":35},"end":{"line":79,"column":43}},"locations":[{"start":{"line":79,"column":35},"end":{"line":79,"column":43}}]},"32":{"type":"branch","line":80,"loc":{"start":{"line":80,"column":10},"end":{"line":84,"column":3}},"locations":[{"start":{"line":80,"column":10},"end":{"line":84,"column":3}}]},"33":{"type":"branch","line":82,"loc":{"start":{"line":82,"column":10},"end":{"line":82,"column":18}},"locations":[{"start":{"line":82,"column":10},"end":{"line":82,"column":18}}]},"34":{"type":"branch","line":84,"loc":{"start":{"line":84,"column":5},"end":{"line":92,"column":21}},"locations":[{"start":{"line":84,"column":5},"end":{"line":92,"column":21}}]},"35":{"type":"branch","line":88,"loc":{"start":{"line":88,"column":6},"end":{"line":88,"column":81}},"locations":[{"start":{"line":88,"column":6},"end":{"line":88,"column":81}}]},"36":{"type":"branch","line":92,"loc":{"start":{"line":92,"column":21},"end":{"line":95,"column":53}},"locations":[{"start":{"line":92,"column":21},"end":{"line":95,"column":53}}]},"37":{"type":"branch","line":97,"loc":{"start":{"line":97,"column":43},"end":{"line":115,"column":25}},"locations":[{"start":{"line":97,"column":43},"end":{"line":115,"column":25}}]},"38":{"type":"branch","line":107,"loc":{"start":{"line":107,"column":18},"end":{"line":109,"column":5}},"locations":[{"start":{"line":107,"column":18},"end":{"line":109,"column":5}}]},"39":{"type":"branch","line":110,"loc":{"start":{"line":110,"column":18},"end":{"line":112,"column":5}},"locations":[{"start":{"line":110,"column":18},"end":{"line":112,"column":5}}]},"40":{"type":"branch","line":115,"loc":{"start":{"line":115,"column":26},"end":{"line":121,"column":58}},"locations":[{"start":{"line":115,"column":26},"end":{"line":121,"column":58}}]},"41":{"type":"branch","line":118,"loc":{"start":{"line":118,"column":22},"end":{"line":119,"column":0}},"locations":[{"start":{"line":118,"column":22},"end":{"line":119,"column":0}}]},"42":{"type":"branch","line":119,"loc":{"start":{"line":119,"column":27},"end":{"line":120,"column":8}},"locations":[{"start":{"line":119,"column":27},"end":{"line":120,"column":8}}]},"43":{"type":"branch","line":121,"loc":{"start":{"line":121,"column":59},"end":{"line":127,"column":23}},"locations":[{"start":{"line":121,"column":59},"end":{"line":127,"column":23}}]},"44":{"type":"branch","line":124,"loc":{"start":{"line":124,"column":7},"end":{"line":127,"column":19}},"locations":[{"start":{"line":124,"column":7},"end":{"line":127,"column":19}}]},"45":{"type":"branch","line":126,"loc":{"start":{"line":126,"column":41},"end":{"line":127,"column":13}},"locations":[{"start":{"line":126,"column":41},"end":{"line":127,"column":13}}]}},"b":{"0":[1],"1":[1],"2":[1],"3":[1],"4":[0],"5":[0],"6":[9],"7":[1],"8":[0],"9":[1],"10":[1],"11":[0],"12":[9],"13":[1],"14":[0],"15":[0],"16":[0],"17":[0],"18":[0],"19":[9],"20":[1],"21":[0],"22":[1],"23":[1],"24":[0],"25":[9],"26":[1],"27":[0],"28":[1],"29":[10],"30":[46],"31":[0],"32":[28],"33":[0],"34":[18],"35":[10],"36":[28],"37":[1],"38":[1],"39":[1],"40":[2],"41":[0],"42":[0],"43":[1],"44":[10],"45":[2]},"fnMap":{"0":{"name":"Object.<anonymous>","decl":{"start":{"line":1,"column":0},"end":{"line":135,"column":2}},"loc":{"start":{"line":1,"column":0},"end":{"line":135,"column":2}},"line":1},"1":{"name":"get","decl":{"start":{"line":4,"column":58},"end":{"line":4,"column":85}},"loc":{"start":{"line":4,"column":58},"end":{"line":4,"column":85}},"line":4},"2":{"name":"Object.<anonymous>.__setModuleDefault","decl":{"start":{"line":11,"column":5},"end":{"line":13,"column":1}},"loc":{"start":{"line":11,"column":5},"end":{"line":13,"column":1}},"line":11},"3":{"name":"Object.<anonymous>.__importStar","decl":{"start":{"line":14,"column":50},"end":{"line":20,"column":1}},"loc":{"start":{"line":14,"column":50},"end":{"line":20,"column":1}},"line":14},"4":{"name":"getSampleJson","decl":{"start":{"line":29,"column":0},"end":{"line":34,"column":1}},"loc":{"start":{"line":29,"column":0},"end":{"line":34,"column":1}},"line":29},"5":{"name":"get","decl":{"start":{"line":31,"column":7},"end":{"line":33,"column":4}},"loc":{"start":{"line":31,"column":7},"end":{"line":33,"column":4}},"line":31},"6":{"name":"addWorkSheet","decl":{"start":{"line":35,"column":0},"end":{"line":39,"column":1}},"loc":{"start":{"line":35,"column":0},"end":{"line":39,"column":1}},"line":35},"7":{"name":"__setModuleDefault","decl":{"start":{"line":38,"column":66},"end":{"line":41,"column":33}},"loc":{"start":{"line":38,"column":66},"end":{"line":41,"column":33}},"line":38},"8":{"name":"setExcelHeader","decl":{"start":{"line":41,"column":0},"end":{"line":47,"column":1}},"loc":{"start":{"line":41,"column":0},"end":{"line":47,"column":1}},"line":41},"9":{"name":"__importStar","decl":{"start":{"line":42,"column":47},"end":{"line":50,"column":50}},"loc":{"start":{"line":42,"column":47},"end":{"line":50,"column":50}},"line":42},"10":{"name":"getHeaderInformation","decl":{"start":{"line":48,"column":0},"end":{"line":75,"column":1}},"loc":{"start":{"line":48,"column":0},"end":{"line":75,"column":1}},"line":48},"11":{"name":"getSampleJson","decl":{"start":{"line":54,"column":25},"end":{"line":56,"column":47}},"loc":{"start":{"line":54,"column":25},"end":{"line":56,"column":47}},"line":54},"12":{"name":"addWorkSheet","decl":{"start":{"line":56,"column":48},"end":{"line":58,"column":6}},"loc":{"start":{"line":56,"column":48},"end":{"line":58,"column":6}},"line":56},"13":{"name":"setExcelHeader","decl":{"start":{"line":58,"column":9},"end":{"line":62,"column":46}},"loc":{"start":{"line":58,"column":9},"end":{"line":62,"column":46}},"line":58},"14":{"name":"getHeaderInformation","decl":{"start":{"line":62,"column":47},"end":{"line":97,"column":42}},"loc":{"start":{"line":62,"column":47},"end":{"line":97,"column":42}},"line":62},"15":{"name":"mergeCell","decl":{"start":{"line":76,"column":0},"end":{"line":86,"column":1}},"loc":{"start":{"line":76,"column":0},"end":{"line":86,"column":1}},"line":76},"16":{"name":"getColumnCell","decl":{"start":{"line":87,"column":0},"end":{"line":93,"column":1}},"loc":{"start":{"line":87,"column":0},"end":{"line":93,"column":1}},"line":87},"17":{"name":"findMaxDepth","decl":{"start":{"line":94,"column":0},"end":{"line":101,"column":1}},"loc":{"start":{"line":94,"column":0},"end":{"line":101,"column":1}},"line":94},"18":{"name":"mergeCell","decl":{"start":{"line":97,"column":43},"end":{"line":115,"column":25}},"loc":{"start":{"line":97,"column":43},"end":{"line":115,"column":25}},"line":97},"19":{"name":"customDelimiter","decl":{"start":{"line":102,"column":0},"end":{"line":104,"column":1}},"loc":{"start":{"line":102,"column":0},"end":{"line":104,"column":1}},"line":102},"20":{"name":"setDelimiter","decl":{"start":{"line":107,"column":18},"end":{"line":109,"column":5}},"loc":{"start":{"line":107,"column":18},"end":{"line":109,"column":5}},"line":107},"21":{"name":"getDelimiter","decl":{"start":{"line":110,"column":18},"end":{"line":112,"column":5}},"loc":{"start":{"line":110,"column":18},"end":{"line":112,"column":5}},"line":110},"22":{"name":"generateExcel","decl":{"start":{"line":113,"column":19},"end":{"line":134,"column":5}},"loc":{"start":{"line":113,"column":19},"end":{"line":134,"column":5}},"line":113},"23":{"name":"getColumnCell","decl":{"start":{"line":115,"column":26},"end":{"line":121,"column":58}},"loc":{"start":{"line":115,"column":26},"end":{"line":121,"column":58}},"line":115},"24":{"name":"findMaxDepth","decl":{"start":{"line":121,"column":59},"end":{"line":127,"column":23}},"loc":{"start":{"line":121,"column":59},"end":{"line":127,"column":23}},"line":121},"25":{"name":"customDelimiter","decl":{"start":{"line":127,"column":24},"end":{"line":129,"column":40}},"loc":{"start":{"line":127,"column":24},"end":{"line":129,"column":40}},"line":127},"26":{"name":"setDelimiter","decl":{"start":{"line":130,"column":57},"end":{"line":134,"column":2}},"loc":{"start":{"line":130,"column":57},"end":{"line":134,"column":2}},"line":130}},"f":{"0":1,"1":1,"2":0,"3":1,"4":0,"5":1,"6":0,"7":0,"8":0,"9":1,"10":0,"11":1,"12":0,"13":0,"14":1,"15":0,"16":0,"17":0,"18":1,"19":0,"20":1,"21":1,"22":0,"23":2,"24":1,"25":0,"26":0}}
}
