TN:
SF:lib/index.js
FN:1,Object.<anonymous>
FN:4,get
FN:11,Object.<anonymous>.__setModuleDefault
FN:14,Object.<anonymous>.__importStar
FN:29,getSampleJson
FN:31,get
FN:35,addWorkSheet
FN:38,__setModuleDefault
FN:40,setExcelHeader
FN:41,__importStar
FN:48,getHeaderInformation
FN:54,getSampleJson
FN:56,addWorkSheet
FN:58,setExcelHeader
FN:62,getHeaderInformation
FN:76,mergeCell
FN:87,getColumnCell
FN:94,findMaxDepth
FN:97,mergeCell
FN:103,generateExcel
FN:109,getColumnCell
FN:115,findMaxDepth
FN:122,generateExcel
FNF:23
FNH:18
FNDA:1,Object.<anonymous>
FNDA:1,get
FNDA:0,Object.<anonymous>.__setModuleDefault
FNDA:1,Object.<anonymous>.__importStar
FNDA:2,getSampleJson
FNDA:1,get
FNDA:2,addWorkSheet
FNDA:0,__setModuleDefault
FNDA:2,setExcelHeader
FNDA:1,__importStar
FNDA:2,getHeaderInformation
FNDA:1,getSampleJson
FNDA:0,addWorkSheet
FNDA:0,setExcelHeader
FNDA:1,getHeaderInformation
FNDA:5,mergeCell
FNDA:5,getColumnCell
FNDA:2,findMaxDepth
FNDA:1,mergeCell
FNDA:2,generateExcel
FNDA:2,getColumnCell
FNDA:1,findMaxDepth
FNDA:0,generateExcel
DA:1,1
DA:2,1
DA:3,9
DA:4,9
DA:5,1
DA:6,0
DA:7,0
DA:8,1
DA:9,1
DA:10,1
DA:11,1
DA:12,0
DA:13,1
DA:14,1
DA:15,1
DA:16,1
DA:17,1
DA:18,1
DA:19,1
DA:20,1
DA:21,1
DA:22,1
DA:23,1
DA:24,1
DA:25,1
DA:26,1
DA:27,1
DA:28,1
DA:29,2
DA:30,2
DA:31,2
DA:32,1
DA:33,0
DA:34,0
DA:35,2
DA:36,2
DA:37,2
DA:38,2
DA:39,0
DA:40,2
DA:41,2
DA:42,1
DA:43,1
DA:44,1
DA:45,9
DA:46,9
DA:47,9
DA:48,2
DA:49,2
DA:50,2
DA:51,2
DA:52,2
DA:53,2
DA:54,2
DA:55,1
DA:56,4
DA:57,0
DA:58,4
DA:59,0
DA:60,0
DA:61,0
DA:62,3
DA:63,1
DA:64,1
DA:65,10
DA:66,10
DA:67,10
DA:68,10
DA:69,10
DA:70,10
DA:71,10
DA:72,10
DA:73,10
DA:74,10
DA:75,10
DA:76,5
DA:77,5
DA:78,5
DA:79,5
DA:80,5
DA:81,5
DA:82,5
DA:83,5
DA:84,5
DA:85,5
DA:86,5
DA:87,5
DA:88,5
DA:89,5
DA:90,5
DA:91,5
DA:92,5
DA:93,5
DA:94,2
DA:95,2
DA:96,2
DA:97,2
DA:98,1
DA:99,1
DA:100,1
DA:101,1
DA:102,1
DA:103,1
DA:104,2
DA:105,0
DA:106,0
DA:107,2
DA:108,2
DA:109,2
DA:110,2
DA:111,2
DA:112,2
DA:113,2
DA:114,2
DA:115,2
DA:116,1
DA:117,1
DA:118,10
DA:119,2
DA:120,2
DA:121,2
DA:122,2
DA:123,0
DA:124,0
DA:125,0
DA:126,0
DA:127,0
LF:127
LH:110
BRDA:1,0,0,1
BRDA:1,1,0,1
BRDA:1,2,0,1
BRDA:1,3,0,1
BRDA:5,4,0,0
BRDA:11,5,0,0
BRDA:2,6,0,9
BRDA:4,7,0,1
BRDA:5,8,0,0
BRDA:9,9,0,1
BRDA:14,10,0,1
BRDA:15,11,0,0
BRDA:17,12,0,9
BRDA:23,13,0,1
BRDA:26,14,0,0
BRDA:33,15,0,0
BRDA:37,16,0,0
BRDA:38,17,0,0
BRDA:41,18,0,0
BRDA:28,19,0,9
BRDA:29,20,0,2
BRDA:33,21,0,0
BRDA:31,22,0,1
BRDA:33,23,0,0
BRDA:35,24,0,2
BRDA:37,25,0,0
BRDA:37,26,0,1
BRDA:40,27,0,2
BRDA:42,28,0,5
BRDA:41,29,0,1
BRDA:42,30,0,0
BRDA:44,31,0,9
BRDA:48,32,0,2
BRDA:54,33,0,4
BRDA:57,34,0,0
BRDA:57,35,0,1
BRDA:58,36,0,0
BRDA:58,37,0,3
BRDA:59,38,0,2
BRDA:68,39,0,1
BRDA:54,40,0,1
BRDA:55,41,0,0
BRDA:62,42,0,1
BRDA:64,43,0,10
BRDA:76,44,0,46
BRDA:80,45,0,0
BRDA:81,46,0,28
BRDA:83,47,0,0
BRDA:86,48,0,18
BRDA:87,49,0,10
BRDA:94,50,0,28
BRDA:76,51,0,5
BRDA:87,52,0,5
BRDA:88,53,0,0
BRDA:88,54,0,1
BRDA:88,55,0,4
BRDA:94,56,0,2
BRDA:95,57,0,2
BRDA:97,58,0,1
BRDA:97,59,0,1
BRDA:103,60,0,2
BRDA:104,61,0,0
BRDA:107,62,0,2
BRDA:109,63,0,0
BRDA:109,64,0,1
BRDA:109,65,0,1
BRDA:112,66,0,0
BRDA:109,67,0,2
BRDA:112,68,0,0
BRDA:112,69,0,0
BRDA:115,70,0,1
BRDA:117,71,0,10
BRDA:119,72,0,2
BRDA:118,73,0,2
BRDA:121,74,0,2
BRF:75
BRH:51
end_of_record
