TN:
SF:lib/index.js
FN:1,Object.<anonymous>
FN:4,get
FN:11,Object.<anonymous>.__setModuleDefault
FN:14,Object.<anonymous>.__importStar
FN:29,getSampleJson
FN:31,get
FN:35,addWorkSheet
FN:38,__setModuleDefault
FN:41,setExcelHeader
FN:42,__importStar
FN:47,getHeaderInformation
FN:54,getSampleJson
FN:55,addWorkSheet
FN:57,setExcelHeader
FN:63,getHeaderInformation
FN:73,mergeCell
FN:84,getColumnCell
FN:91,findMaxDepth
FN:94,mergeCell
FN:100,generateExcel
FN:106,getColumnCell
FN:111,findMaxDepth
FN:119,generateExcel
FNF:23
FNH:18
FNDA:1,Object.<anonymous>
FNDA:1,get
FNDA:0,Object.<anonymous>.__setModuleDefault
FNDA:1,Object.<anonymous>.__importStar
FNDA:2,getSampleJson
FNDA:1,get
FNDA:2,addWorkSheet
FNDA:0,__setModuleDefault
FNDA:2,setExcelHeader
FNDA:1,__importStar
FNDA:2,getHeaderInformation
FNDA:1,getSampleJson
FNDA:0,addWorkSheet
FNDA:0,setExcelHeader
FNDA:1,getHeaderInformation
FNDA:5,mergeCell
FNDA:5,getColumnCell
FNDA:2,findMaxDepth
FNDA:1,mergeCell
FNDA:2,generateExcel
FNDA:2,getColumnCell
FNDA:1,findMaxDepth
FNDA:0,generateExcel
DA:1,1
DA:2,1
DA:3,9
DA:4,9
DA:5,1
DA:6,0
DA:7,0
DA:8,1
DA:9,1
DA:10,1
DA:11,1
DA:12,0
DA:13,1
DA:14,1
DA:15,1
DA:16,1
DA:17,1
DA:18,1
DA:19,1
DA:20,1
DA:21,1
DA:22,1
DA:23,1
DA:24,1
DA:25,1
DA:26,1
DA:27,1
DA:28,1
DA:29,2
DA:30,2
DA:31,2
DA:32,1
DA:33,0
DA:34,0
DA:35,2
DA:36,2
DA:37,2
DA:38,2
DA:39,0
DA:40,0
DA:41,2
DA:42,2
DA:43,1
DA:44,1
DA:45,1
DA:46,1
DA:47,2
DA:48,2
DA:49,2
DA:50,2
DA:51,2
DA:52,2
DA:53,4
DA:54,4
DA:55,4
DA:56,0
DA:57,3
DA:58,0
DA:59,0
DA:60,0
DA:61,0
DA:62,0
DA:63,3
DA:64,1
DA:65,1
DA:66,1
DA:67,10
DA:68,10
DA:69,10
DA:70,10
DA:71,10
DA:72,10
DA:73,5
DA:74,5
DA:75,5
DA:76,5
DA:77,5
DA:78,5
DA:79,5
DA:80,5
DA:81,5
DA:82,5
DA:83,5
DA:84,5
DA:85,5
DA:86,5
DA:87,5
DA:88,5
DA:89,5
DA:90,5
DA:91,2
DA:92,2
DA:93,2
DA:94,2
DA:95,1
DA:96,1
DA:97,1
DA:98,1
DA:99,1
DA:100,1
DA:101,2
DA:102,0
DA:103,0
DA:104,2
DA:105,2
DA:106,2
DA:107,2
DA:108,2
DA:109,2
DA:110,2
DA:111,2
DA:112,1
DA:113,1
DA:114,1
DA:115,10
DA:116,10
DA:117,2
DA:118,2
DA:119,2
DA:120,2
DA:121,0
DA:122,0
DA:123,0
DA:124,0
DA:125,0
LF:125
LH:105
BRDA:1,0,0,1
BRDA:1,1,0,1
BRDA:1,2,0,1
BRDA:1,3,0,1
BRDA:5,4,0,0
BRDA:11,5,0,0
BRDA:2,6,0,9
BRDA:4,7,0,1
BRDA:5,8,0,0
BRDA:9,9,0,1
BRDA:14,10,0,1
BRDA:15,11,0,0
BRDA:17,12,0,9
BRDA:23,13,0,1
BRDA:26,14,0,0
BRDA:33,15,0,0
BRDA:37,16,0,0
BRDA:38,17,0,0
BRDA:42,18,0,0
BRDA:28,19,0,9
BRDA:29,20,0,2
BRDA:33,21,0,0
BRDA:31,22,0,1
BRDA:33,23,0,0
BRDA:35,24,0,2
BRDA:37,25,0,0
BRDA:37,26,0,1
BRDA:41,27,0,2
BRDA:43,28,0,5
BRDA:42,29,0,1
BRDA:43,30,0,0
BRDA:47,31,0,9
BRDA:47,32,0,2
BRDA:52,33,0,4
BRDA:55,34,0,0
BRDA:55,35,0,1
BRDA:56,36,0,0
BRDA:56,37,0,3
BRDA:57,38,0,2
BRDA:66,39,0,1
BRDA:54,40,0,1
BRDA:55,41,0,0
BRDA:63,42,0,1
BRDA:66,43,0,10
BRDA:74,44,0,46
BRDA:79,45,0,0
BRDA:79,46,0,28
BRDA:81,47,0,0
BRDA:85,48,0,18
BRDA:85,49,0,10
BRDA:92,50,0,28
BRDA:73,51,0,5
BRDA:84,52,0,5
BRDA:85,53,0,0
BRDA:85,54,0,1
BRDA:85,55,0,4
BRDA:91,56,0,2
BRDA:92,57,0,2
BRDA:94,58,0,1
BRDA:94,59,0,1
BRDA:100,60,0,2
BRDA:101,61,0,0
BRDA:104,62,0,2
BRDA:106,63,0,0
BRDA:106,64,0,1
BRDA:106,65,0,1
BRDA:110,66,0,0
BRDA:106,67,0,2
BRDA:109,68,0,0
BRDA:109,69,0,0
BRDA:111,70,0,1
BRDA:114,71,0,10
BRDA:116,72,0,2
BRDA:116,73,0,2
BRDA:119,74,0,2
BRF:75
BRH:51
end_of_record
